# JRE version: OpenJDK Runtime Environment Microsoft-8035246 (17.0.8+7) (build 17.0.8+7-LTS)
# Java VM: OpenJDK 64-Bit Server VM Microsoft-8035246 (17.0.8+7-LTS, mixed mode, sharing, tiered, compressed oops, compressed class ptrs, g1 gc, windows-amd64)
GC Precious Log:
 CPUs: 8 total, 8 available
 Memory: 12162M
 Large Page Support: Disabled
 NUMA Support: Disabled
 Compressed Oops: Enabled (32-bit)
 Heap Region Size: 1M
 Heap Min Capacity: 8M
 Heap Initial Capacity: 192M
 Heap Max Capacity: 2G
 Pre-touch: Disabled
 Parallel Workers: 8
 Concurrent Workers: 2
 Concurrent Refinement Workers: 8
 Periodic GC: Disabled
Heap:
 garbage-first heap   total 260096K, used 105861K [0x0000000080000000, 0x0000000100000000)
  region size 1024K, 14 young (14336K), 5 survivors (5120K)
 Metaspace       used 77760K, committed 78592K, reserved 557056K
  class space    used 10873K, committed 11264K, reserved 425984K
GC Heap History (20 events):
Event: 18.264 GC heap before
{Heap before GC invocations=25 (full 0):
 garbage-first heap   total 122880K, used 97956K [0x0000000080000000, 0x0000000100000000)
  region size 1024K, 31 young (31744K), 3 survivors (3072K)
 Metaspace       used 67975K, committed 68672K, reserved 491520K
  class space    used 9530K, committed 9856K, reserved 425984K
}
Event: 18.268 GC heap after
{Heap after GC invocations=26 (full 0):
 garbage-first heap   total 122880K, used 70216K [0x0000000080000000, 0x0000000100000000)
  region size 1024K, 3 young (3072K), 3 survivors (3072K)
 Metaspace       used 67975K, committed 68672K, reserved 491520K
  class space    used 9530K, committed 9856K, reserved 425984K
}
Event: 18.303 GC heap before
{Heap before GC invocations=26 (full 0):
 garbage-first heap   total 122880K, used 73288K [0x0000000080000000, 0x0000000100000000)
  region size 1024K, 6 young (6144K), 3 survivors (3072K)
 Metaspace       used 68184K, committed 68864K, reserved 491520K
  class space    used 9550K, committed 9856K, reserved 425984K
}
Event: 18.307 GC heap after
{Heap after GC invocations=27 (full 0):
 garbage-first heap   total 122880K, used 69816K [0x0000000080000000, 0x0000000100000000)
  region size 1024K, 1 young (1024K), 1 survivors (1024K)
 Metaspace       used 68184K, committed 68864K, reserved 491520K
  class space    used 9550K, committed 9856K, reserved 425984K
}
Event: 18.828 GC heap before
{Heap before GC invocations=27 (full 0):
 garbage-first heap   total 122880K, used 100536K [0x0000000080000000, 0x0000000100000000)
  region size 1024K, 32 young (32768K), 1 survivors (1024K)
 Metaspace       used 69235K, committed 69952K, reserved 491520K
  class space    used 9693K, committed 10048K, reserved 425984K
}
Event: 18.832 GC heap after
{Heap after GC invocations=28 (full 0):
 garbage-first heap   total 122880K, used 73009K [0x0000000080000000, 0x0000000100000000)
  region size 1024K, 4 young (4096K), 4 survivors (4096K)
 Metaspace       used 69235K, committed 69952K, reserved 491520K
  class space    used 9693K, committed 10048K, reserved 425984K
}
Event: 19.603 GC heap before
{Heap before GC invocations=29 (full 0):
 garbage-first heap   total 130048K, used 99633K [0x0000000080000000, 0x0000000100000000)
  region size 1024K, 30 young (30720K), 4 survivors (4096K)
 Metaspace       used 70211K, committed 70912K, reserved 491520K
  class space    used 9825K, committed 10176K, reserved 425984K
}
Event: 19.609 GC heap after
{Heap after GC invocations=30 (full 0):
 garbage-first heap   total 130048K, used 74759K [0x0000000080000000, 0x0000000100000000)
  region size 1024K, 4 young (4096K), 4 survivors (4096K)
 Metaspace       used 70211K, committed 70912K, reserved 491520K
  class space    used 9825K, committed 10176K, reserved 425984K
}
Event: 19.633 GC heap before
{Heap before GC invocations=30 (full 0):
 garbage-first heap   total 130048K, used 76807K [0x0000000080000000, 0x0000000100000000)
  region size 1024K, 6 young (6144K), 4 survivors (4096K)
 Metaspace       used 70214K, committed 70912K, reserved 491520K
  class space    used 9825K, committed 10176K, reserved 425984K
}
Event: 19.636 GC heap after
{Heap after GC invocations=31 (full 0):
 garbage-first heap   total 130048K, used 73080K [0x0000000080000000, 0x0000000100000000)
  region size 1024K, 1 young (1024K), 1 survivors (1024K)
 Metaspace       used 70214K, committed 70912K, reserved 491520K
  class space    used 9825K, committed 10176K, reserved 425984K
}
Event: 20.385 GC heap before
{Heap before GC invocations=31 (full 0):
 garbage-first heap   total 130048K, used 104824K [0x0000000080000000, 0x0000000100000000)
  region size 1024K, 32 young (32768K), 1 survivors (1024K)
 Metaspace       used 72280K, committed 73024K, reserved 491520K
  class space    used 10116K, committed 10496K, reserved 425984K
}
Event: 20.391 GC heap after
{Heap after GC invocations=32 (full 0):
 garbage-first heap   total 130048K, used 75665K [0x0000000080000000, 0x0000000100000000)
  region size 1024K, 4 young (4096K), 4 survivors (4096K)
 Metaspace       used 72280K, committed 73024K, reserved 491520K
  class space    used 10116K, committed 10496K, reserved 425984K
}
Event: 21.056 GC heap before
{Heap before GC invocations=32 (full 0):
 garbage-first heap   total 130048K, used 104337K [0x0000000080000000, 0x0000000100000000)
  region size 1024K, 33 young (33792K), 4 survivors (4096K)
 Metaspace       used 74665K, committed 75392K, reserved 491520K
  class space    used 10502K, committed 10880K, reserved 425984K
}
Event: 21.065 GC heap after
{Heap after GC invocations=33 (full 0):
 garbage-first heap   total 130048K, used 78684K [0x0000000080000000, 0x0000000100000000)
  region size 1024K, 4 young (4096K), 4 survivors (4096K)
 Metaspace       used 74665K, committed 75392K, reserved 491520K
  class space    used 10502K, committed 10880K, reserved 425984K
}
Event: 21.740 GC heap before
{Heap before GC invocations=33 (full 0):
 garbage-first heap   total 130048K, used 105308K [0x0000000080000000, 0x0000000100000000)
  region size 1024K, 31 young (31744K), 4 survivors (4096K)
 Metaspace       used 75728K, committed 76416K, reserved 557056K
  class space    used 10679K, committed 11008K, reserved 425984K
}
Event: 21.749 GC heap after
{Heap after GC invocations=34 (full 0):
 garbage-first heap   total 260096K, used 83568K [0x0000000080000000, 0x0000000100000000)
  region size 1024K, 4 young (4096K), 4 survivors (4096K)
 Metaspace       used 75728K, committed 76416K, reserved 557056K
  class space    used 10679K, committed 11008K, reserved 425984K
}
Event: 24.252 GC heap before
{Heap before GC invocations=34 (full 0):
 garbage-first heap   total 260096K, used 197232K [0x0000000080000000, 0x0000000100000000)
  region size 1024K, 114 young (116736K), 4 survivors (4096K)
 Metaspace       used 77712K, committed 78528K, reserved 557056K
  class space    used 10869K, committed 11264K, reserved 425984K
}
Event: 24.266 GC heap after
{Heap after GC invocations=35 (full 0):
 garbage-first heap   total 260096K, used 91378K [0x0000000080000000, 0x0000000100000000)
  region size 1024K, 12 young (12288K), 12 survivors (12288K)
 Metaspace       used 77712K, committed 78528K, reserved 557056K
  class space    used 10869K, committed 11264K, reserved 425984K
}
Event: 25.265 GC heap before
{Heap before GC invocations=35 (full 0):
 garbage-first heap   total 260096K, used 199922K [0x0000000080000000, 0x0000000100000000)
  region size 1024K, 118 young (120832K), 12 survivors (12288K)
 Metaspace       used 77735K, committed 78592K, reserved 557056K
  class space    used 10870K, committed 11264K, reserved 425984K
}
Event: 25.276 GC heap after
{Heap after GC invocations=36 (full 0):
 garbage-first heap   total 260096K, used 93573K [0x0000000080000000, 0x0000000100000000)
  region size 1024K, 5 young (5120K), 5 survivors (5120K)
 Metaspace       used 77735K, committed 78592K, reserved 557056K
  class space    used 10870K, committed 11264K, reserved 425984K
}

